Using pre-set license
Built from '2020.2/staging' branch; Version is '2020.2.3f1 (8ff31bc5bf5b) revision 9433883'; Using compiler version '192528614'; Build Type 'Release'
OS: 'Windows 10 Home China; OS build 19042.870; Version 2009; 64bit' Language: 'zh' Physical Memory: 8082 MB
BatchMode: 1, IsHumanControllingUs: 0, StartBugReporterOnCrash: 0, Is64bit: 1, IsPro: 0

 COMMAND LINE ARGUMENTS:
D:\Program Files\Unity\Editor\2020.2.3f1\Editor\Unity.exe
-adb2
-batchMode
-noUpm
-name
AssetImportWorker0
-projectPath
D:/Program Files/Unity/ADV Lab Ex7
-logFile
Logs/AssetImportWorker0.log
-srvPort
60231
Successfully changed project path to: D:/Program Files/Unity/ADV Lab Ex7
D:/Program Files/Unity/ADV Lab Ex7
Using Asset Import Pipeline V2.
Refreshing native plugins compatible for Editor in 51.78 ms, found 1 plugins.
Preloading 0 native plugins for Editor in 0.00 ms.
Initialize engine version: 2020.2.3f1 (8ff31bc5bf5b)
[Subsystems] Discovering subsystems at path D:/Program Files/Unity/Editor/2020.2.3f1/Editor/Data/Resources/UnitySubsystems
[Subsystems] Discovering subsystems at path D:/Program Files/Unity/ADV Lab Ex7/Assets
GfxDevice: creating device client; threaded=0
Direct3D:
    Version:  Direct3D 11.0 [level 11.1]
    Renderer: NVIDIA GeForce GTX 1060 (ID=0x1c20)
    Vendor:   
    VRAM:     6052 MB
    Driver:   27.21.14.6192
Initialize mono
Mono path[0] = 'D:/Program Files/Unity/Editor/2020.2.3f1/Editor/Data/Managed'
Mono path[1] = 'D:/Program Files/Unity/Editor/2020.2.3f1/Editor/Data/MonoBleedingEdge/lib/mono/unityjit'
Mono config path = 'D:/Program Files/Unity/Editor/2020.2.3f1/Editor/Data/MonoBleedingEdge/etc'
Using monoOptions --debugger-agent=transport=dt_socket,embedding=1,server=y,suspend=n,address=127.0.0.1:56084
Begin MonoManager ReloadAssembly
Registering precompiled unity dll's ...
Register platform support module: D:/Program Files/Unity/Editor/2020.2.3f1/Editor/Data/PlaybackEngines/WindowsStandaloneSupport/UnityEditor.WindowsStandalone.Extensions.dll
Registered in 0.002594 seconds.
Native extension for WindowsStandalone target not found
Refreshing native plugins compatible for Editor in 40.80 ms, found 1 plugins.
Preloading 0 native plugins for Editor in 0.00 ms.
Invoked RoslynAnalysisRunner static constructor.
RoslynAnalysisRunner will not be running.
RoslynAnalysisRunner has terminated.
Mono: successfully reloaded assembly
- Completed reload, in  1.125 seconds
Platform modules already initialized, skipping
Registering precompiled user dll's ...
Registered in 0.001011 seconds.
Begin MonoManager ReloadAssembly
Native extension for WindowsStandalone target not found
Refreshing native plugins compatible for Editor in 43.32 ms, found 1 plugins.
Preloading 0 native plugins for Editor in 0.00 ms.
Invoked RoslynAnalysisRunner static constructor.
RoslynAnalysisRunner will not be running.
RoslynAnalysisRunner has terminated.
Mono: successfully reloaded assembly
- Completed reload, in  1.184 seconds
Platform modules already initialized, skipping
========================================================================
Worker process is ready to serve import requests
Launched and connected shader compiler UnityShaderCompiler.exe after 0.11 seconds
Refreshing native plugins compatible for Editor in 0.74 ms, found 1 plugins.
Preloading 0 native plugins for Editor in 0.00 ms.
Unloading 1792 Unused Serialized files (Serialized files now loaded: 0)
System memory in use before: 84.2 MB.
System memory in use after: 84.2 MB.

Unloading 24 unused Assets to reduce memory usage. Loaded Objects now: 2233.
Total: 6.050400 ms (FindLiveObjects: 0.417300 ms CreateObjectMapping: 0.206900 ms MarkObjects: 5.233500 ms  DeleteObjects: 0.190800 ms)

========================================================================
Received Import Request.
  path: Assets/spritesheet_grant.png
  artifactKey: Guid(be23cb3adcaca36419acea88a78bec12) Importer(815301076,1909f56bfc062723c751e8b465ee728b)
Start importing Assets/spritesheet_grant.png using Guid(be23cb3adcaca36419acea88a78bec12) Importer(815301076,1909f56bfc062723c751e8b465ee728b)  -> (artifact id: '2b256d77f08846c978e3eb75e3381d20') in 0.616549 seconds
  Import took 0.671503 seconds .

========================================================================
Received Import Request.
  Time since last request: 462.304821 seconds.
  path: Assets/Animator
  artifactKey: Guid(155555b4738a96240a18e28694153a44) Importer(815301076,1909f56bfc062723c751e8b465ee728b)
Start importing Assets/Animator using Guid(155555b4738a96240a18e28694153a44) Importer(815301076,1909f56bfc062723c751e8b465ee728b)  -> (artifact id: 'd61b5da3c1745b2a00e5c6696fd3783b') in 0.002291 seconds
  Import took 0.156617 seconds .

========================================================================
Received Import Request.
  Time since last request: 0.765670 seconds.
  path: Assets/Animator/spritesheet_grant_0.controller
  artifactKey: Guid(a1c3fea163ddf3a47bbf068b52caa46e) Importer(815301076,1909f56bfc062723c751e8b465ee728b)
Start importing Assets/Animator/spritesheet_grant_0.controller using Guid(a1c3fea163ddf3a47bbf068b52caa46e) Importer(815301076,1909f56bfc062723c751e8b465ee728b)  -> (artifact id: '0f726631e3d1545fe8cc1d17628e1963') in 0.009013 seconds
  Import took 0.028525 seconds .

========================================================================
Received Import Request.
  Time since last request: 0.813140 seconds.
  path: Assets/Animator/Wait Animation.anim
  artifactKey: Guid(1bb83137e8c1431469403b698b656fb0) Importer(815301076,1909f56bfc062723c751e8b465ee728b)
Start importing Assets/Animator/Wait Animation.anim using Guid(1bb83137e8c1431469403b698b656fb0) Importer(815301076,1909f56bfc062723c751e8b465ee728b)  -> (artifact id: '8c59f07f9f4e2c3722015ff799733989') in 0.019380 seconds
  Import took 0.022875 seconds .

========================================================================
Received Import Request.
  Time since last request: 0.047253 seconds.
  path: Assets/Animator/Wait Animation.anim
  artifactKey: Guid(1bb83137e8c1431469403b698b656fb0) Importer(815301076,1909f56bfc062723c751e8b465ee728b)
Start importing Assets/Animator/Wait Animation.anim using Guid(1bb83137e8c1431469403b698b656fb0) Importer(815301076,1909f56bfc062723c751e8b465ee728b)  -> (artifact id: '8c59f07f9f4e2c3722015ff799733989') in 0.002718 seconds
  Import took 0.006362 seconds .

========================================================================
Received Import Request.
  Time since last request: 9.371890 seconds.
  path: Assets/Animator/Grant Wait Animation.anim
  artifactKey: Guid(1bb83137e8c1431469403b698b656fb0) Importer(815301076,1909f56bfc062723c751e8b465ee728b)
Start importing Assets/Animator/Grant Wait Animation.anim using Guid(1bb83137e8c1431469403b698b656fb0) Importer(815301076,1909f56bfc062723c751e8b465ee728b)  -> (artifact id: '7d553995cf58db745c1cef8ba8512ce4') in 0.003019 seconds
  Import took 0.047555 seconds .

========================================================================
Received Import Request.
  Time since last request: 61.636221 seconds.
  path: Assets/Animator/Grant_Wait_Animation.anim
  artifactKey: Guid(1bb83137e8c1431469403b698b656fb0) Importer(815301076,1909f56bfc062723c751e8b465ee728b)
Start importing Assets/Animator/Grant_Wait_Animation.anim using Guid(1bb83137e8c1431469403b698b656fb0) Importer(815301076,1909f56bfc062723c751e8b465ee728b)  -> (artifact id: '11bc81ca2717e5b6bfe106b636c74dbe') in 0.003143 seconds
  Import took 0.023792 seconds .

========================================================================
Received Import Request.
  Time since last request: 16.342407 seconds.
  path: Assets/Animator/Grant_Animator.controller
  artifactKey: Guid(a1c3fea163ddf3a47bbf068b52caa46e) Importer(815301076,1909f56bfc062723c751e8b465ee728b)
Start importing Assets/Animator/Grant_Animator.controller using Guid(a1c3fea163ddf3a47bbf068b52caa46e) Importer(815301076,1909f56bfc062723c751e8b465ee728b)  -> (artifact id: 'c5ea15960f0e88156aa0f453201a62e4') in 0.003793 seconds
  Import took 0.031367 seconds .

========================================================================
Received Import Request.
  Time since last request: 60.346173 seconds.
  path: Assets/Animator/Grant_Animation_Controll.controller
  artifactKey: Guid(a1c3fea163ddf3a47bbf068b52caa46e) Importer(815301076,1909f56bfc062723c751e8b465ee728b)
Start importing Assets/Animator/Grant_Animation_Controll.controller using Guid(a1c3fea163ddf3a47bbf068b52caa46e) Importer(815301076,1909f56bfc062723c751e8b465ee728b)  -> (artifact id: '878a40ea97cd80eb6e81c88246f37451') in 0.005132 seconds
  Import took 0.021623 seconds .

========================================================================
Received Import Request.
  Time since last request: 13.218123 seconds.
  path: Assets/Animator/Grant_Animation_Controller.controller
  artifactKey: Guid(a1c3fea163ddf3a47bbf068b52caa46e) Importer(815301076,1909f56bfc062723c751e8b465ee728b)
Start importing Assets/Animator/Grant_Animation_Controller.controller using Guid(a1c3fea163ddf3a47bbf068b52caa46e) Importer(815301076,1909f56bfc062723c751e8b465ee728b)  -> (artifact id: '8ad0fb3e3780a2c49c955f275fef4125') in 0.002482 seconds
  Import took 0.014646 seconds .

========================================================================
Received Import Request.
  Time since last request: 51.877547 seconds.
  path: Assets/Animator/Grant_Wai.anim
  artifactKey: Guid(1bb83137e8c1431469403b698b656fb0) Importer(815301076,1909f56bfc062723c751e8b465ee728b)
Start importing Assets/Animator/Grant_Wai.anim using Guid(1bb83137e8c1431469403b698b656fb0) Importer(815301076,1909f56bfc062723c751e8b465ee728b)  -> (artifact id: 'ed879930bd534cddfdbec39641f2b5c8') in 0.002827 seconds
  Import took 0.008495 seconds .

========================================================================
Received Prepare
Registering precompiled user dll's ...
Registered in 0.001011 seconds.
Begin MonoManager ReloadAssembly
Native extension for WindowsStandalone target not found
Refreshing native plugins compatible for Editor in 0.92 ms, found 1 plugins.
Preloading 0 native plugins for Editor in 0.00 ms.
Invoked RoslynAnalysisRunner static constructor.
RoslynAnalysisRunner will not be running.
RoslynAnalysisRunner has terminated.
Mono: successfully reloaded assembly
- Completed reload, in  1.040 seconds
Platform modules already initialized, skipping
Refreshing native plugins compatible for Editor in 0.90 ms, found 1 plugins.
Preloading 0 native plugins for Editor in 0.00 ms.
Unloading 1787 Unused Serialized files (Serialized files now loaded: 0)
System memory in use before: 87.4 MB.
System memory in use after: 87.3 MB.

Unloading 12 unused Assets to reduce memory usage. Loaded Objects now: 2291.
Total: 3.332600 ms (FindLiveObjects: 0.493600 ms CreateObjectMapping: 0.105800 ms MarkObjects: 2.615400 ms  DeleteObjects: 0.116200 ms)

========================================================================
Received Import Request.
  Time since last request: 1073.613455 seconds.
  path: Assets/New Animator Controller.controller
  artifactKey: Guid(cf88400031b349e448199e8694bde6a0) Importer(815301076,1909f56bfc062723c751e8b465ee728b)
Start importing Assets/New Animator Controller.controller using Guid(cf88400031b349e448199e8694bde6a0) Importer(815301076,1909f56bfc062723c751e8b465ee728b)  -> (artifact id: '851eb36f1c0de51e9ca9e87fa2620ea8') in 0.019686 seconds
  Import took 0.023610 seconds .

========================================================================
Received Import Request.
  Time since last request: 0.001613 seconds.
  path: Assets/New Animator Controller.controller
  artifactKey: Guid(cf88400031b349e448199e8694bde6a0) Importer(815301076,1909f56bfc062723c751e8b465ee728b)
Start importing Assets/New Animator Controller.controller using Guid(cf88400031b349e448199e8694bde6a0) Importer(815301076,1909f56bfc062723c751e8b465ee728b)  -> (artifact id: '851eb36f1c0de51e9ca9e87fa2620ea8') in 0.003245 seconds
  Import took 0.007344 seconds .

========================================================================
Received Import Request.
  Time since last request: 27.234851 seconds.
  path: Assets/New Animation.anim
  artifactKey: Guid(b7c4a330c740a164e83332d01ac86b24) Importer(815301076,1909f56bfc062723c751e8b465ee728b)
Start importing Assets/New Animation.anim using Guid(b7c4a330c740a164e83332d01ac86b24) Importer(815301076,1909f56bfc062723c751e8b465ee728b)  -> (artifact id: '7e58ed5b86fe79130c26f8e2149b2ad8') in 0.003099 seconds
  Import took 0.106689 seconds .

========================================================================
Received Import Request.
  Time since last request: 97.537662 seconds.
  path: Assets/Grant_J.anim
  artifactKey: Guid(b7c4a330c740a164e83332d01ac86b24) Importer(815301076,1909f56bfc062723c751e8b465ee728b)
Start importing Assets/Grant_J.anim using Guid(b7c4a330c740a164e83332d01ac86b24) Importer(815301076,1909f56bfc062723c751e8b465ee728b)  -> (artifact id: '9a1dfffec0a8f380e02976c0f855cd05') in 0.002954 seconds
  Import took 0.007350 seconds .

========================================================================
Received Import Request.
  Time since last request: 14.959530 seconds.
  path: Assets/Grant_Jump.anim
  artifactKey: Guid(b7c4a330c740a164e83332d01ac86b24) Importer(815301076,1909f56bfc062723c751e8b465ee728b)
Start importing Assets/Grant_Jump.anim using Guid(b7c4a330c740a164e83332d01ac86b24) Importer(815301076,1909f56bfc062723c751e8b465ee728b)  -> (artifact id: '02058f7fc5d3c7f2a9356ccf4482894a') in 0.002550 seconds
  Import took 0.006906 seconds .

========================================================================
Received Import Request.
  Time since last request: 1029.696483 seconds.
  path: Assets
  artifactKey: Guid(00000000000000001000000000000000) Importer(815301076,1909f56bfc062723c751e8b465ee728b)
Start importing Assets using Guid(00000000000000001000000000000000) Importer(815301076,1909f56bfc062723c751e8b465ee728b)  -> (artifact id: '653ce283d384579a24208b2e4d727c2a') in 0.002158 seconds
  Import took 0.012876 seconds .

========================================================================
Received Import Request.
  Time since last request: 41.659768 seconds.
  path: Assets/Grant_Controll.cs
  artifactKey: Guid(5b845232bc5a50d4f952a6e5fe3e6946) Importer(815301076,1909f56bfc062723c751e8b465ee728b)
Start importing Assets/Grant_Controll.cs using Guid(5b845232bc5a50d4f952a6e5fe3e6946) Importer(815301076,1909f56bfc062723c751e8b465ee728b)  -> (artifact id: '96d38577a0625b37fd97fd7becd0be0d') in 0.019443 seconds
  Import took 0.171945 seconds .

========================================================================
Received Prepare
Registering precompiled user dll's ...
Registered in 0.050008 seconds.
Begin MonoManager ReloadAssembly
Native extension for WindowsStandalone target not found
Refreshing native plugins compatible for Editor in 0.41 ms, found 1 plugins.
Preloading 0 native plugins for Editor in 0.00 ms.
Invoked RoslynAnalysisRunner static constructor.
RoslynAnalysisRunner will not be running.
RoslynAnalysisRunner has terminated.
Mono: successfully reloaded assembly
- Completed reload, in  2.000 seconds
Platform modules already initialized, skipping
Refreshing native plugins compatible for Editor in 1.47 ms, found 1 plugins.
Preloading 0 native plugins for Editor in 0.00 ms.
Unloading 1788 Unused Serialized files (Serialized files now loaded: 0)
System memory in use before: 87.4 MB.
System memory in use after: 87.4 MB.

Unloading 12 unused Assets to reduce memory usage. Loaded Objects now: 2295.
Total: 6.017000 ms (FindLiveObjects: 1.934600 ms CreateObjectMapping: 0.259900 ms MarkObjects: 3.622100 ms  DeleteObjects: 0.187000 ms)

========================================================================
Received Prepare
Registering precompiled user dll's ...
Registered in 0.001131 seconds.
Begin MonoManager ReloadAssembly
Native extension for WindowsStandalone target not found
Refreshing native plugins compatible for Editor in 1.10 ms, found 1 plugins.
Preloading 0 native plugins for Editor in 0.00 ms.
Invoked RoslynAnalysisRunner static constructor.
RoslynAnalysisRunner will not be running.
RoslynAnalysisRunner has terminated.
Mono: successfully reloaded assembly
- Completed reload, in  1.526 seconds
Platform modules already initialized, skipping
Refreshing native plugins compatible for Editor in 0.39 ms, found 1 plugins.
Preloading 0 native plugins for Editor in 0.00 ms.
Unloading 1788 Unused Serialized files (Serialized files now loaded: 0)
System memory in use before: 87.5 MB.
System memory in use after: 87.4 MB.

Unloading 12 unused Assets to reduce memory usage. Loaded Objects now: 2298.
Total: 4.925000 ms (FindLiveObjects: 0.824900 ms CreateObjectMapping: 0.373000 ms MarkObjects: 3.370800 ms  DeleteObjects: 0.353000 ms)

========================================================================
Received Prepare
Registering precompiled user dll's ...
Registered in 0.001344 seconds.
Begin MonoManager ReloadAssembly
Native extension for WindowsStandalone target not found
Refreshing native plugins compatible for Editor in 0.64 ms, found 1 plugins.
Preloading 0 native plugins for Editor in 0.00 ms.
Invoked RoslynAnalysisRunner static constructor.
RoslynAnalysisRunner will not be running.
RoslynAnalysisRunner has terminated.
Mono: successfully reloaded assembly
- Completed reload, in  1.174 seconds
Platform modules already initialized, skipping
Refreshing native plugins compatible for Editor in 0.38 ms, found 1 plugins.
Preloading 0 native plugins for Editor in 0.00 ms.
Unloading 1788 Unused Serialized files (Serialized files now loaded: 0)
System memory in use before: 87.5 MB.
System memory in use after: 87.5 MB.

Unloading 12 unused Assets to reduce memory usage. Loaded Objects now: 2301.
Total: 5.453200 ms (FindLiveObjects: 0.332800 ms CreateObjectMapping: 0.083400 ms MarkObjects: 4.409900 ms  DeleteObjects: 0.621000 ms)

========================================================================
Received Prepare
Registering precompiled user dll's ...
Registered in 0.001142 seconds.
Begin MonoManager ReloadAssembly
Native extension for WindowsStandalone target not found
Refreshing native plugins compatible for Editor in 0.32 ms, found 1 plugins.
Preloading 0 native plugins for Editor in 0.00 ms.
Invoked RoslynAnalysisRunner static constructor.
RoslynAnalysisRunner will not be running.
RoslynAnalysisRunner has terminated.
Mono: successfully reloaded assembly
- Completed reload, in  1.065 seconds
Platform modules already initialized, skipping
Refreshing native plugins compatible for Editor in 0.49 ms, found 1 plugins.
Preloading 0 native plugins for Editor in 0.00 ms.
Unloading 1788 Unused Serialized files (Serialized files now loaded: 0)
System memory in use before: 87.5 MB.
System memory in use after: 87.5 MB.

Unloading 12 unused Assets to reduce memory usage. Loaded Objects now: 2304.
Total: 2.870200 ms (FindLiveObjects: 0.303400 ms CreateObjectMapping: 0.088200 ms MarkObjects: 2.283300 ms  DeleteObjects: 0.193600 ms)

========================================================================
Received Prepare
Registering precompiled user dll's ...
Registered in 0.001216 seconds.
Begin MonoManager ReloadAssembly
Native extension for WindowsStandalone target not found
Refreshing native plugins compatible for Editor in 0.33 ms, found 1 plugins.
Preloading 0 native plugins for Editor in 0.00 ms.
Invoked RoslynAnalysisRunner static constructor.
RoslynAnalysisRunner will not be running.
RoslynAnalysisRunner has terminated.
Mono: successfully reloaded assembly
- Completed reload, in  1.091 seconds
Platform modules already initialized, skipping
Refreshing native plugins compatible for Editor in 0.45 ms, found 1 plugins.
Preloading 0 native plugins for Editor in 0.00 ms.
Unloading 1788 Unused Serialized files (Serialized files now loaded: 0)
System memory in use before: 87.5 MB.
System memory in use after: 87.5 MB.

Unloading 12 unused Assets to reduce memory usage. Loaded Objects now: 2307.
Total: 2.480800 ms (FindLiveObjects: 0.277500 ms CreateObjectMapping: 0.080500 ms MarkObjects: 2.011100 ms  DeleteObjects: 0.110600 ms)

========================================================================
Received Prepare
Registering precompiled user dll's ...
Registered in 0.002616 seconds.
Begin MonoManager ReloadAssembly
Native extension for WindowsStandalone target not found
Refreshing native plugins compatible for Editor in 0.77 ms, found 1 plugins.
Preloading 0 native plugins for Editor in 0.00 ms.
Invoked RoslynAnalysisRunner static constructor.
RoslynAnalysisRunner will not be running.
RoslynAnalysisRunner has terminated.
Mono: successfully reloaded assembly
- Completed reload, in  0.965 seconds
Platform modules already initialized, skipping
Refreshing native plugins compatible for Editor in 1.08 ms, found 1 plugins.
Preloading 0 native plugins for Editor in 0.00 ms.
Unloading 1788 Unused Serialized files (Serialized files now loaded: 0)
System memory in use before: 87.5 MB.
System memory in use after: 87.5 MB.

Unloading 12 unused Assets to reduce memory usage. Loaded Objects now: 2310.
Total: 1.980700 ms (FindLiveObjects: 0.182400 ms CreateObjectMapping: 0.061600 ms MarkObjects: 1.620600 ms  DeleteObjects: 0.114600 ms)

========================================================================
Received Prepare
Registering precompiled user dll's ...
Registered in 0.001331 seconds.
Begin MonoManager ReloadAssembly
Native extension for WindowsStandalone target not found
Refreshing native plugins compatible for Editor in 0.38 ms, found 1 plugins.
Preloading 0 native plugins for Editor in 0.00 ms.
Invoked RoslynAnalysisRunner static constructor.
RoslynAnalysisRunner will not be running.
RoslynAnalysisRunner has terminated.
Mono: successfully reloaded assembly
- Completed reload, in  0.984 seconds
Platform modules already initialized, skipping
Refreshing native plugins compatible for Editor in 0.32 ms, found 1 plugins.
Preloading 0 native plugins for Editor in 0.00 ms.
Unloading 1788 Unused Serialized files (Serialized files now loaded: 0)
System memory in use before: 87.5 MB.
System memory in use after: 87.5 MB.

Unloading 12 unused Assets to reduce memory usage. Loaded Objects now: 2313.
Total: 5.265600 ms (FindLiveObjects: 1.265300 ms CreateObjectMapping: 0.153300 ms MarkObjects: 3.721700 ms  DeleteObjects: 0.120600 ms)

========================================================================
Received Import Request.
  Time since last request: 1374.353531 seconds.
  path: Assets/Grant_Run.anim
  artifactKey: Guid(8b8d697bb930117438e8701828667203) Importer(815301076,1909f56bfc062723c751e8b465ee728b)
Start importing Assets/Grant_Run.anim using Guid(8b8d697bb930117438e8701828667203) Importer(815301076,1909f56bfc062723c751e8b465ee728b)  -> (artifact id: 'b8b53fba73a98eeea3532840a1a082b6') in 0.021494 seconds
  Import took 0.099550 seconds .

========================================================================
Received Prepare
Registering precompiled user dll's ...
Registered in 0.001909 seconds.
Begin MonoManager ReloadAssembly
Native extension for WindowsStandalone target not found
Refreshing native plugins compatible for Editor in 0.72 ms, found 1 plugins.
Preloading 0 native plugins for Editor in 0.00 ms.
Invoked RoslynAnalysisRunner static constructor.
RoslynAnalysisRunner will not be running.
RoslynAnalysisRunner has terminated.
Mono: successfully reloaded assembly
- Completed reload, in  1.129 seconds
Platform modules already initialized, skipping
Refreshing native plugins compatible for Editor in 0.47 ms, found 1 plugins.
Preloading 0 native plugins for Editor in 0.00 ms.
Unloading 1788 Unused Serialized files (Serialized files now loaded: 0)
System memory in use before: 87.5 MB.
System memory in use after: 87.5 MB.

Unloading 12 unused Assets to reduce memory usage. Loaded Objects now: 2316.
Total: 2.456800 ms (FindLiveObjects: 0.297500 ms CreateObjectMapping: 0.097100 ms MarkObjects: 1.957100 ms  DeleteObjects: 0.103500 ms)

========================================================================
Received Import Request.
  Time since last request: 1145.431022 seconds.
  path: Assets/Grant_Controll.cs
  artifactKey: Guid(5b845232bc5a50d4f952a6e5fe3e6946) Importer(815301076,1909f56bfc062723c751e8b465ee728b)
Start importing Assets/Grant_Controll.cs using Guid(5b845232bc5a50d4f952a6e5fe3e6946) Importer(815301076,1909f56bfc062723c751e8b465ee728b)  -> (artifact id: '0d7532eeb49543aa1b8b550e1e991d50') in 0.007872 seconds
  Import took 0.117338 seconds .

========================================================================
Received Import Request.
  Time since last request: 394.120244 seconds.
  path: Assets/Grant_Controll.cs
  artifactKey: Guid(5b845232bc5a50d4f952a6e5fe3e6946) Importer(815301076,1909f56bfc062723c751e8b465ee728b)
Start importing Assets/Grant_Controll.cs using Guid(5b845232bc5a50d4f952a6e5fe3e6946) Importer(815301076,1909f56bfc062723c751e8b465ee728b)  -> (artifact id: '7ef6b1045ca0b4410564fe59a7b7b81d') in 0.005600 seconds
  Import took 0.046776 seconds .

========================================================================
Received Prepare
Registering precompiled user dll's ...
Registered in 0.001233 seconds.
Begin MonoManager ReloadAssembly
Native extension for WindowsStandalone target not found
Refreshing native plugins compatible for Editor in 0.40 ms, found 1 plugins.
Preloading 0 native plugins for Editor in 0.00 ms.
Invoked RoslynAnalysisRunner static constructor.
RoslynAnalysisRunner will not be running.
RoslynAnalysisRunner has terminated.
Mono: successfully reloaded assembly
- Completed reload, in  0.982 seconds
Platform modules already initialized, skipping
Refreshing native plugins compatible for Editor in 0.33 ms, found 1 plugins.
Preloading 0 native plugins for Editor in 0.00 ms.
Unloading 1788 Unused Serialized files (Serialized files now loaded: 0)
System memory in use before: 87.5 MB.
System memory in use after: 87.5 MB.

Unloading 12 unused Assets to reduce memory usage. Loaded Objects now: 2319.
Total: 3.186500 ms (FindLiveObjects: 0.550200 ms CreateObjectMapping: 0.084900 ms MarkObjects: 2.237200 ms  DeleteObjects: 0.311100 ms)

========================================================================
Received Prepare
Registering precompiled user dll's ...
Registered in 0.001093 seconds.
Begin MonoManager ReloadAssembly
Native extension for WindowsStandalone target not found
Refreshing native plugins compatible for Editor in 0.64 ms, found 1 plugins.
Preloading 0 native plugins for Editor in 0.00 ms.
Invoked RoslynAnalysisRunner static constructor.
RoslynAnalysisRunner will not be running.
RoslynAnalysisRunner has terminated.
Mono: successfully reloaded assembly
- Completed reload, in  0.912 seconds
Platform modules already initialized, skipping
Refreshing native plugins compatible for Editor in 0.59 ms, found 1 plugins.
Preloading 0 native plugins for Editor in 0.00 ms.
Unloading 1788 Unused Serialized files (Serialized files now loaded: 0)
System memory in use before: 87.5 MB.
System memory in use after: 87.5 MB.

Unloading 12 unused Assets to reduce memory usage. Loaded Objects now: 2322.
Total: 2.344400 ms (FindLiveObjects: 0.204600 ms CreateObjectMapping: 0.098700 ms MarkObjects: 1.919400 ms  DeleteObjects: 0.120500 ms)

========================================================================
Received Prepare
Registering precompiled user dll's ...
Registered in 0.001013 seconds.
Begin MonoManager ReloadAssembly
Native extension for WindowsStandalone target not found
Refreshing native plugins compatible for Editor in 0.35 ms, found 1 plugins.
Preloading 0 native plugins for Editor in 0.00 ms.
Invoked RoslynAnalysisRunner static constructor.
RoslynAnalysisRunner will not be running.
RoslynAnalysisRunner has terminated.
Mono: successfully reloaded assembly
- Completed reload, in  0.906 seconds
Platform modules already initialized, skipping
Refreshing native plugins compatible for Editor in 0.41 ms, found 1 plugins.
Preloading 0 native plugins for Editor in 0.00 ms.
Unloading 1788 Unused Serialized files (Serialized files now loaded: 0)
System memory in use before: 87.5 MB.
System memory in use after: 87.5 MB.

Unloading 12 unused Assets to reduce memory usage. Loaded Objects now: 2325.
Total: 2.332200 ms (FindLiveObjects: 0.214500 ms CreateObjectMapping: 0.078600 ms MarkObjects: 1.890200 ms  DeleteObjects: 0.147800 ms)

========================================================================
Received Prepare
Registering precompiled user dll's ...
Registered in 0.001376 seconds.
Begin MonoManager ReloadAssembly
Native extension for WindowsStandalone target not found
Refreshing native plugins compatible for Editor in 0.36 ms, found 1 plugins.
Preloading 0 native plugins for Editor in 0.00 ms.
Invoked RoslynAnalysisRunner static constructor.
RoslynAnalysisRunner will not be running.
RoslynAnalysisRunner has terminated.
Mono: successfully reloaded assembly
- Completed reload, in  0.911 seconds
Platform modules already initialized, skipping
Refreshing native plugins compatible for Editor in 0.35 ms, found 1 plugins.
Preloading 0 native plugins for Editor in 0.00 ms.
Unloading 1788 Unused Serialized files (Serialized files now loaded: 0)
System memory in use before: 87.6 MB.
System memory in use after: 87.5 MB.

Unloading 12 unused Assets to reduce memory usage. Loaded Objects now: 2328.
Total: 5.195600 ms (FindLiveObjects: 0.694300 ms CreateObjectMapping: 0.268600 ms MarkObjects: 4.008800 ms  DeleteObjects: 0.221000 ms)

========================================================================
Received Prepare
Registering precompiled user dll's ...
Registered in 0.001068 seconds.
Begin MonoManager ReloadAssembly
Native extension for WindowsStandalone target not found
Refreshing native plugins compatible for Editor in 0.34 ms, found 1 plugins.
Preloading 0 native plugins for Editor in 0.00 ms.
Invoked RoslynAnalysisRunner static constructor.
RoslynAnalysisRunner will not be running.
RoslynAnalysisRunner has terminated.
Mono: successfully reloaded assembly
- Completed reload, in  0.866 seconds
Platform modules already initialized, skipping
Refreshing native plugins compatible for Editor in 0.34 ms, found 1 plugins.
Preloading 0 native plugins for Editor in 0.00 ms.
Unloading 1788 Unused Serialized files (Serialized files now loaded: 0)
System memory in use before: 87.6 MB.
System memory in use after: 87.6 MB.

Unloading 12 unused Assets to reduce memory usage. Loaded Objects now: 2331.
Total: 4.185600 ms (FindLiveObjects: 0.432700 ms CreateObjectMapping: 0.106200 ms MarkObjects: 3.469000 ms  DeleteObjects: 0.176100 ms)

========================================================================
Received Prepare
Registering precompiled user dll's ...
Registered in 0.002244 seconds.
Begin MonoManager ReloadAssembly
Native extension for WindowsStandalone target not found
Refreshing native plugins compatible for Editor in 0.41 ms, found 1 plugins.
Preloading 0 native plugins for Editor in 0.00 ms.
Invoked RoslynAnalysisRunner static constructor.
RoslynAnalysisRunner will not be running.
RoslynAnalysisRunner has terminated.
Mono: successfully reloaded assembly
- Completed reload, in  1.162 seconds
Platform modules already initialized, skipping
Refreshing native plugins compatible for Editor in 0.32 ms, found 1 plugins.
Preloading 0 native plugins for Editor in 0.00 ms.
Unloading 1788 Unused Serialized files (Serialized files now loaded: 0)
System memory in use before: 87.6 MB.
System memory in use after: 87.6 MB.

Unloading 12 unused Assets to reduce memory usage. Loaded Objects now: 2334.
Total: 2.700200 ms (FindLiveObjects: 0.255600 ms CreateObjectMapping: 0.069500 ms MarkObjects: 2.164800 ms  DeleteObjects: 0.209100 ms)

========================================================================
Received Prepare
Registering precompiled user dll's ...
Registered in 0.001076 seconds.
Begin MonoManager ReloadAssembly
Native extension for WindowsStandalone target not found
Refreshing native plugins compatible for Editor in 1.30 ms, found 1 plugins.
Preloading 0 native plugins for Editor in 0.00 ms.
Invoked RoslynAnalysisRunner static constructor.
RoslynAnalysisRunner will not be running.
RoslynAnalysisRunner has terminated.
Mono: successfully reloaded assembly
- Completed reload, in  1.089 seconds
Platform modules already initialized, skipping
Refreshing native plugins compatible for Editor in 2.00 ms, found 1 plugins.
Preloading 0 native plugins for Editor in 0.00 ms.
Unloading 1788 Unused Serialized files (Serialized files now loaded: 0)
System memory in use before: 87.6 MB.
System memory in use after: 87.6 MB.

Unloading 12 unused Assets to reduce memory usage. Loaded Objects now: 2337.
Total: 6.030500 ms (FindLiveObjects: 0.779700 ms CreateObjectMapping: 0.233500 ms MarkObjects: 4.467000 ms  DeleteObjects: 0.544600 ms)

========================================================================
Received Prepare
Registering precompiled user dll's ...
Registered in 0.001511 seconds.
Begin MonoManager ReloadAssembly
Native extension for WindowsStandalone target not found
Refreshing native plugins compatible for Editor in 0.74 ms, found 1 plugins.
Preloading 0 native plugins for Editor in 0.00 ms.
Invoked RoslynAnalysisRunner static constructor.
RoslynAnalysisRunner will not be running.
RoslynAnalysisRunner has terminated.
Mono: successfully reloaded assembly
- Completed reload, in  1.020 seconds
Platform modules already initialized, skipping
Refreshing native plugins compatible for Editor in 0.36 ms, found 1 plugins.
Preloading 0 native plugins for Editor in 0.00 ms.
Unloading 1788 Unused Serialized files (Serialized files now loaded: 0)
System memory in use before: 87.6 MB.
System memory in use after: 87.6 MB.

Unloading 12 unused Assets to reduce memory usage. Loaded Objects now: 2340.
Total: 2.800800 ms (FindLiveObjects: 0.362000 ms CreateObjectMapping: 0.116300 ms MarkObjects: 2.215200 ms  DeleteObjects: 0.105800 ms)

========================================================================
Received Prepare
Registering precompiled user dll's ...
Registered in 0.000953 seconds.
Begin MonoManager ReloadAssembly
Native extension for WindowsStandalone target not found
Refreshing native plugins compatible for Editor in 0.32 ms, found 1 plugins.
Preloading 0 native plugins for Editor in 0.00 ms.
Invoked RoslynAnalysisRunner static constructor.
RoslynAnalysisRunner will not be running.
RoslynAnalysisRunner has terminated.
Mono: successfully reloaded assembly
- Completed reload, in  0.889 seconds
Platform modules already initialized, skipping
Refreshing native plugins compatible for Editor in 0.39 ms, found 1 plugins.
Preloading 0 native plugins for Editor in 0.00 ms.
Unloading 1788 Unused Serialized files (Serialized files now loaded: 0)
System memory in use before: 87.6 MB.
System memory in use after: 87.6 MB.

Unloading 12 unused Assets to reduce memory usage. Loaded Objects now: 2343.
Total: 5.443400 ms (FindLiveObjects: 0.448500 ms CreateObjectMapping: 0.214900 ms MarkObjects: 4.447200 ms  DeleteObjects: 0.330000 ms)

========================================================================
Received Prepare
Registering precompiled user dll's ...
Registered in 0.000993 seconds.
Begin MonoManager ReloadAssembly
Native extension for WindowsStandalone target not found
Refreshing native plugins compatible for Editor in 0.77 ms, found 1 plugins.
Preloading 0 native plugins for Editor in 0.00 ms.
Invoked RoslynAnalysisRunner static constructor.
RoslynAnalysisRunner will not be running.
RoslynAnalysisRunner has terminated.
Mono: successfully reloaded assembly
- Completed reload, in  1.296 seconds
Platform modules already initialized, skipping
Refreshing native plugins compatible for Editor in 0.45 ms, found 1 plugins.
Preloading 0 native plugins for Editor in 0.00 ms.
Unloading 1788 Unused Serialized files (Serialized files now loaded: 0)
System memory in use before: 87.6 MB.
System memory in use after: 87.6 MB.

Unloading 12 unused Assets to reduce memory usage. Loaded Objects now: 2346.
Total: 4.022800 ms (FindLiveObjects: 0.467600 ms CreateObjectMapping: 0.241500 ms MarkObjects: 3.044300 ms  DeleteObjects: 0.266500 ms)

========================================================================
Received Prepare
Registering precompiled user dll's ...
Registered in 0.001051 seconds.
Begin MonoManager ReloadAssembly
Native extension for WindowsStandalone target not found
Refreshing native plugins compatible for Editor in 0.34 ms, found 1 plugins.
Preloading 0 native plugins for Editor in 0.00 ms.
Invoked RoslynAnalysisRunner static constructor.
RoslynAnalysisRunner will not be running.
RoslynAnalysisRunner has terminated.
Mono: successfully reloaded assembly
- Completed reload, in  0.899 seconds
Platform modules already initialized, skipping
Refreshing native plugins compatible for Editor in 0.33 ms, found 1 plugins.
Preloading 0 native plugins for Editor in 0.00 ms.
Unloading 1788 Unused Serialized files (Serialized files now loaded: 0)
System memory in use before: 87.6 MB.
System memory in use after: 87.6 MB.

Unloading 12 unused Assets to reduce memory usage. Loaded Objects now: 2349.
Total: 2.330100 ms (FindLiveObjects: 0.233700 ms CreateObjectMapping: 0.067800 ms MarkObjects: 1.925700 ms  DeleteObjects: 0.101900 ms)

========================================================================
Received Prepare
Registering precompiled user dll's ...
Registered in 0.001111 seconds.
Begin MonoManager ReloadAssembly
Native extension for WindowsStandalone target not found
Refreshing native plugins compatible for Editor in 0.52 ms, found 1 plugins.
Preloading 0 native plugins for Editor in 0.00 ms.
Invoked RoslynAnalysisRunner static constructor.
RoslynAnalysisRunner will not be running.
RoslynAnalysisRunner has terminated.
Mono: successfully reloaded assembly
- Completed reload, in  0.968 seconds
Platform modules already initialized, skipping
Refreshing native plugins compatible for Editor in 0.32 ms, found 1 plugins.
Preloading 0 native plugins for Editor in 0.00 ms.
Unloading 1788 Unused Serialized files (Serialized files now loaded: 0)
System memory in use before: 87.6 MB.
System memory in use after: 87.6 MB.

Unloading 12 unused Assets to reduce memory usage. Loaded Objects now: 2352.
Total: 2.126000 ms (FindLiveObjects: 0.237100 ms CreateObjectMapping: 0.085100 ms MarkObjects: 1.700300 ms  DeleteObjects: 0.101700 ms)

========================================================================
Received Prepare
Registering precompiled user dll's ...
Registered in 0.001861 seconds.
Begin MonoManager ReloadAssembly
Native extension for WindowsStandalone target not found
Refreshing native plugins compatible for Editor in 0.34 ms, found 1 plugins.
Preloading 0 native plugins for Editor in 0.00 ms.
Invoked RoslynAnalysisRunner static constructor.
RoslynAnalysisRunner will not be running.
RoslynAnalysisRunner has terminated.
Mono: successfully reloaded assembly
- Completed reload, in  0.978 seconds
Platform modules already initialized, skipping
Refreshing native plugins compatible for Editor in 0.63 ms, found 1 plugins.
Preloading 0 native plugins for Editor in 0.00 ms.
Unloading 1788 Unused Serialized files (Serialized files now loaded: 0)
System memory in use before: 87.6 MB.
System memory in use after: 87.6 MB.

Unloading 12 unused Assets to reduce memory usage. Loaded Objects now: 2355.
Total: 2.168200 ms (FindLiveObjects: 0.347300 ms CreateObjectMapping: 0.090800 ms MarkObjects: 1.626100 ms  DeleteObjects: 0.102500 ms)

========================================================================
Received Prepare
Registering precompiled user dll's ...
Registered in 0.001450 seconds.
Begin MonoManager ReloadAssembly
Native extension for WindowsStandalone target not found
Refreshing native plugins compatible for Editor in 0.33 ms, found 1 plugins.
Preloading 0 native plugins for Editor in 0.00 ms.
Invoked RoslynAnalysisRunner static constructor.
RoslynAnalysisRunner will not be running.
RoslynAnalysisRunner has terminated.
Mono: successfully reloaded assembly
- Completed reload, in  0.890 seconds
Platform modules already initialized, skipping
Refreshing native plugins compatible for Editor in 0.41 ms, found 1 plugins.
Preloading 0 native plugins for Editor in 0.00 ms.
Unloading 1788 Unused Serialized files (Serialized files now loaded: 0)
System memory in use before: 87.6 MB.
System memory in use after: 87.6 MB.

Unloading 12 unused Assets to reduce memory usage. Loaded Objects now: 2358.
Total: 3.503800 ms (FindLiveObjects: 0.278700 ms CreateObjectMapping: 0.113100 ms MarkObjects: 2.962800 ms  DeleteObjects: 0.147700 ms)

AssetImportWorkerClient::OnTransportError - code=2 error=End of file
