Using pre-set license
Built from '2020.2/staging' branch; Version is '2020.2.3f1 (8ff31bc5bf5b) revision 9433883'; Using compiler version '192528614'; Build Type 'Release'
OS: 'Windows 10 Home China; OS build 19042.870; Version 2009; 64bit' Language: 'zh' Physical Memory: 8082 MB
BatchMode: 1, IsHumanControllingUs: 0, StartBugReporterOnCrash: 0, Is64bit: 1, IsPro: 0

 COMMAND LINE ARGUMENTS:
D:\Program Files\Unity\Editor\2020.2.3f1\Editor\Unity.exe
-adb2
-batchMode
-noUpm
-name
AssetImportWorker0
-projectPath
D:/Program Files/Unity/ADV Lab Ex7
-logFile
Logs/AssetImportWorker0.log
-srvPort
57485
Successfully changed project path to: D:/Program Files/Unity/ADV Lab Ex7
D:/Program Files/Unity/ADV Lab Ex7
Using Asset Import Pipeline V2.
Refreshing native plugins compatible for Editor in 32.18 ms, found 1 plugins.
Preloading 0 native plugins for Editor in 0.00 ms.
Initialize engine version: 2020.2.3f1 (8ff31bc5bf5b)
[Subsystems] Discovering subsystems at path D:/Program Files/Unity/Editor/2020.2.3f1/Editor/Data/Resources/UnitySubsystems
[Subsystems] Discovering subsystems at path D:/Program Files/Unity/ADV Lab Ex7/Assets
GfxDevice: creating device client; threaded=0
Direct3D:
    Version:  Direct3D 11.0 [level 11.1]
    Renderer: NVIDIA GeForce GTX 1060 (ID=0x1c20)
    Vendor:   
    VRAM:     6052 MB
    Driver:   27.21.14.6192
Initialize mono
Mono path[0] = 'D:/Program Files/Unity/Editor/2020.2.3f1/Editor/Data/Managed'
Mono path[1] = 'D:/Program Files/Unity/Editor/2020.2.3f1/Editor/Data/MonoBleedingEdge/lib/mono/unityjit'
Mono config path = 'D:/Program Files/Unity/Editor/2020.2.3f1/Editor/Data/MonoBleedingEdge/etc'
Using monoOptions --debugger-agent=transport=dt_socket,embedding=1,server=y,suspend=n,address=127.0.0.1:56944
Begin MonoManager ReloadAssembly
Registering precompiled unity dll's ...
Register platform support module: D:/Program Files/Unity/Editor/2020.2.3f1/Editor/Data/PlaybackEngines/WindowsStandaloneSupport/UnityEditor.WindowsStandalone.Extensions.dll
Registered in 0.002525 seconds.
Native extension for WindowsStandalone target not found
Refreshing native plugins compatible for Editor in 31.80 ms, found 1 plugins.
Preloading 0 native plugins for Editor in 0.00 ms.
Invoked RoslynAnalysisRunner static constructor.
RoslynAnalysisRunner will not be running.
RoslynAnalysisRunner has terminated.
Mono: successfully reloaded assembly
- Completed reload, in  0.937 seconds
Platform modules already initialized, skipping
Registering precompiled user dll's ...
Registered in 0.000898 seconds.
Begin MonoManager ReloadAssembly
Native extension for WindowsStandalone target not found
Refreshing native plugins compatible for Editor in 33.30 ms, found 1 plugins.
Preloading 0 native plugins for Editor in 0.00 ms.
Invoked RoslynAnalysisRunner static constructor.
RoslynAnalysisRunner will not be running.
RoslynAnalysisRunner has terminated.
Mono: successfully reloaded assembly
- Completed reload, in  0.913 seconds
Platform modules already initialized, skipping
========================================================================
Worker process is ready to serve import requests
Launched and connected shader compiler UnityShaderCompiler.exe after 0.05 seconds
Refreshing native plugins compatible for Editor in 0.32 ms, found 1 plugins.
Preloading 0 native plugins for Editor in 0.00 ms.
Unloading 1793 Unused Serialized files (Serialized files now loaded: 0)
System memory in use before: 84.3 MB.
System memory in use after: 84.2 MB.

Unloading 24 unused Assets to reduce memory usage. Loaded Objects now: 2234.
Total: 2.807500 ms (FindLiveObjects: 0.234200 ms CreateObjectMapping: 0.103800 ms MarkObjects: 2.290000 ms  DeleteObjects: 0.178100 ms)

========================================================================
Received Import Request.
  path: Assets/2d platformer winter (package 1)/earth 2.png
  artifactKey: Guid(29f6989d5755f1b4fbe334d44ebc33a0) Importer(815301076,1909f56bfc062723c751e8b465ee728b)
Start importing Assets/2d platformer winter (package 1)/earth 2.png using Guid(29f6989d5755f1b4fbe334d44ebc33a0) Importer(815301076,1909f56bfc062723c751e8b465ee728b)  -> (artifact id: 'a8bdebe6c663ffabd3a4e03cb6779de3') in 0.287972 seconds
  Import took 0.291527 seconds .

========================================================================
Received Import Request.
  Time since last request: 0.000391 seconds.
  path: Assets/2d platformer winter (package 1)/earth 3.png
  artifactKey: Guid(27808588f73e8024d81a4ea7a1ec1157) Importer(815301076,1909f56bfc062723c751e8b465ee728b)
Start importing Assets/2d platformer winter (package 1)/earth 3.png using Guid(27808588f73e8024d81a4ea7a1ec1157) Importer(815301076,1909f56bfc062723c751e8b465ee728b)  -> (artifact id: '4e7cbbae04b41f21446aad8c6efa32dc') in 0.012024 seconds
  Import took 0.015192 seconds .

========================================================================
Received Import Request.
  Time since last request: 0.000350 seconds.
  path: Assets/2d platformer winter (package 1)/snowman 1.png
  artifactKey: Guid(284b27c9fe5ead74e97c5df20e66d992) Importer(815301076,1909f56bfc062723c751e8b465ee728b)
Start importing Assets/2d platformer winter (package 1)/snowman 1.png using Guid(284b27c9fe5ead74e97c5df20e66d992) Importer(815301076,1909f56bfc062723c751e8b465ee728b)  -> (artifact id: 'ae3b1536de4ef8ce68a5abf25b34986d') in 0.013811 seconds
  Import took 0.017035 seconds .

========================================================================
Received Import Request.
  Time since last request: 0.000359 seconds.
  path: Assets/2d platformer winter (package 1)/earth 1.png
  artifactKey: Guid(f7ae4e5931263c54c9cbb010560ebe15) Importer(815301076,1909f56bfc062723c751e8b465ee728b)
Start importing Assets/2d platformer winter (package 1)/earth 1.png using Guid(f7ae4e5931263c54c9cbb010560ebe15) Importer(815301076,1909f56bfc062723c751e8b465ee728b)  -> (artifact id: 'e5da3eba0674e49fdaf8cba002649209') in 0.019511 seconds
  Import took 0.022657 seconds .

========================================================================
Received Import Request.
  Time since last request: 0.000494 seconds.
  path: Assets/2d platformer winter (package 1)/background.png
  artifactKey: Guid(c267d2a67c862c74d868d358b4881252) Importer(815301076,1909f56bfc062723c751e8b465ee728b)
Start importing Assets/2d platformer winter (package 1)/background.png using Guid(c267d2a67c862c74d868d358b4881252) Importer(815301076,1909f56bfc062723c751e8b465ee728b)  -> (artifact id: '9fa69abe25938e3968e3af8e40f9ad7d') in 0.061579 seconds
  Import took 0.064685 seconds .

========================================================================
Received Import Request.
  Time since last request: 0.000281 seconds.
  path: Assets/2d platformer winter (package 1)/snowman 3.png
  artifactKey: Guid(e0511a4867fed884face8c201d4a8b4e) Importer(815301076,1909f56bfc062723c751e8b465ee728b)
Start importing Assets/2d platformer winter (package 1)/snowman 3.png using Guid(e0511a4867fed884face8c201d4a8b4e) Importer(815301076,1909f56bfc062723c751e8b465ee728b)  -> (artifact id: '11048170408e75ba1d7ad24b9d636df2') in 0.011263 seconds
  Import took 0.014619 seconds .

========================================================================
Received Import Request.
  Time since last request: 0.000347 seconds.
  path: Assets/2d platformer winter (package 1)/mounted platform 2.png
  artifactKey: Guid(14d3522a2c962d3418afb4712d02f3bb) Importer(815301076,1909f56bfc062723c751e8b465ee728b)
Start importing Assets/2d platformer winter (package 1)/mounted platform 2.png using Guid(14d3522a2c962d3418afb4712d02f3bb) Importer(815301076,1909f56bfc062723c751e8b465ee728b)  -> (artifact id: '80b45a8c351b0e52e86428ae59423500') in 0.015441 seconds
  Import took 0.018174 seconds .

========================================================================
Received Import Request.
  Time since last request: 0.000231 seconds.
  path: Assets/2d platformer winter (package 1)/earth 4.png
  artifactKey: Guid(43a0d1d8c3148114faa6cbf0312816cb) Importer(815301076,1909f56bfc062723c751e8b465ee728b)
Start importing Assets/2d platformer winter (package 1)/earth 4.png using Guid(43a0d1d8c3148114faa6cbf0312816cb) Importer(815301076,1909f56bfc062723c751e8b465ee728b)  -> (artifact id: 'bef075a6c548a0b95b8dbe333b4632f3') in 0.010625 seconds
  Import took 0.013170 seconds .

========================================================================
Received Import Request.
  Time since last request: 0.000301 seconds.
  path: Assets/2d platformer winter (package 1)/mounted platform 3.png
  artifactKey: Guid(fe01dd445865ff24eb2831300a094638) Importer(815301076,1909f56bfc062723c751e8b465ee728b)
Start importing Assets/2d platformer winter (package 1)/mounted platform 3.png using Guid(fe01dd445865ff24eb2831300a094638) Importer(815301076,1909f56bfc062723c751e8b465ee728b)  -> (artifact id: '46fe4406e04c078cf398bc97b10c994e') in 0.010199 seconds
  Import took 0.040054 seconds .

========================================================================
Received Import Request.
  Time since last request: 0.000382 seconds.
  path: Assets/2d platformer winter (package 1)
  artifactKey: Guid(1b5731168973ced44bd86849a0ddac9a) Importer(815301076,1909f56bfc062723c751e8b465ee728b)
Start importing Assets/2d platformer winter (package 1) using Guid(1b5731168973ced44bd86849a0ddac9a) Importer(815301076,1909f56bfc062723c751e8b465ee728b)  -> (artifact id: '8301dd629fceab71ab98272d0f6606b0') in 0.002530 seconds
  Import took 0.005919 seconds .

========================================================================
Received Import Request.
  Time since last request: 0.000300 seconds.
  path: Assets/2d platformer winter (package 1)/mounted platform 1.png
  artifactKey: Guid(8253f8fe10e9abf419e6b48a98980235) Importer(815301076,1909f56bfc062723c751e8b465ee728b)
Start importing Assets/2d platformer winter (package 1)/mounted platform 1.png using Guid(8253f8fe10e9abf419e6b48a98980235) Importer(815301076,1909f56bfc062723c751e8b465ee728b)  -> (artifact id: '6386351f2e6776c6e7db7fa96fe89251') in 0.014333 seconds
  Import took 0.017294 seconds .

========================================================================
Received Import Request.
  Time since last request: 0.000333 seconds.
  path: Assets/2d platformer winter (package 1)/mounted platform 4.png
  artifactKey: Guid(5cab1e3282a81104087ff67c0c23dbb4) Importer(815301076,1909f56bfc062723c751e8b465ee728b)
Start importing Assets/2d platformer winter (package 1)/mounted platform 4.png using Guid(5cab1e3282a81104087ff67c0c23dbb4) Importer(815301076,1909f56bfc062723c751e8b465ee728b)  -> (artifact id: '223da4e031ec2c2d815c640182f470b9') in 0.015468 seconds
  Import took 0.019200 seconds .

========================================================================
Received Import Request.
  Time since last request: 0.000317 seconds.
  path: Assets/2d platformer winter (package 1)/snowman 2.png
  artifactKey: Guid(2b27d20e9fb8d884daa27ade76fc6e93) Importer(815301076,1909f56bfc062723c751e8b465ee728b)
Start importing Assets/2d platformer winter (package 1)/snowman 2.png using Guid(2b27d20e9fb8d884daa27ade76fc6e93) Importer(815301076,1909f56bfc062723c751e8b465ee728b)  -> (artifact id: 'd9193fe2baf32f4d18efcf55ba02bd3b') in 0.017088 seconds
  Import took 0.020178 seconds .

========================================================================
Received Prepare
Registering precompiled user dll's ...
Registered in 0.000991 seconds.
Begin MonoManager ReloadAssembly
Native extension for WindowsStandalone target not found
Refreshing native plugins compatible for Editor in 0.43 ms, found 1 plugins.
Preloading 0 native plugins for Editor in 0.00 ms.
Invoked RoslynAnalysisRunner static constructor.
RoslynAnalysisRunner will not be running.
RoslynAnalysisRunner has terminated.
Mono: successfully reloaded assembly
- Completed reload, in  0.802 seconds
Platform modules already initialized, skipping
Refreshing native plugins compatible for Editor in 0.32 ms, found 1 plugins.
Preloading 0 native plugins for Editor in 0.00 ms.
Unloading 1788 Unused Serialized files (Serialized files now loaded: 0)
System memory in use before: 87.3 MB.
System memory in use after: 87.3 MB.

Unloading 12 unused Assets to reduce memory usage. Loaded Objects now: 2263.
Total: 2.118800 ms (FindLiveObjects: 0.202000 ms CreateObjectMapping: 0.068100 ms MarkObjects: 1.715700 ms  DeleteObjects: 0.132100 ms)

========================================================================
Received Prepare
Registering precompiled user dll's ...
Registered in 0.000907 seconds.
Begin MonoManager ReloadAssembly
Native extension for WindowsStandalone target not found
Refreshing native plugins compatible for Editor in 0.33 ms, found 1 plugins.
Preloading 0 native plugins for Editor in 0.00 ms.
Invoked RoslynAnalysisRunner static constructor.
RoslynAnalysisRunner will not be running.
RoslynAnalysisRunner has terminated.
Mono: successfully reloaded assembly
- Completed reload, in  0.810 seconds
Platform modules already initialized, skipping
Refreshing native plugins compatible for Editor in 0.32 ms, found 1 plugins.
Preloading 0 native plugins for Editor in 0.00 ms.
Unloading 1788 Unused Serialized files (Serialized files now loaded: 0)
System memory in use before: 87.4 MB.
System memory in use after: 87.4 MB.

Unloading 12 unused Assets to reduce memory usage. Loaded Objects now: 2266.
Total: 2.224200 ms (FindLiveObjects: 0.326000 ms CreateObjectMapping: 0.065700 ms MarkObjects: 1.736000 ms  DeleteObjects: 0.095500 ms)

========================================================================
Received Prepare
Registering precompiled user dll's ...
Registered in 0.000928 seconds.
Begin MonoManager ReloadAssembly
Native extension for WindowsStandalone target not found
Refreshing native plugins compatible for Editor in 0.32 ms, found 1 plugins.
Preloading 0 native plugins for Editor in 0.00 ms.
Invoked RoslynAnalysisRunner static constructor.
RoslynAnalysisRunner will not be running.
RoslynAnalysisRunner has terminated.
Mono: successfully reloaded assembly
- Completed reload, in  0.788 seconds
Platform modules already initialized, skipping
Refreshing native plugins compatible for Editor in 0.31 ms, found 1 plugins.
Preloading 0 native plugins for Editor in 0.00 ms.
Unloading 1788 Unused Serialized files (Serialized files now loaded: 0)
System memory in use before: 87.4 MB.
System memory in use after: 87.4 MB.

Unloading 12 unused Assets to reduce memory usage. Loaded Objects now: 2269.
Total: 2.075200 ms (FindLiveObjects: 0.212600 ms CreateObjectMapping: 0.065800 ms MarkObjects: 1.657700 ms  DeleteObjects: 0.138200 ms)

========================================================================
Received Prepare
Registering precompiled user dll's ...
Registered in 0.001403 seconds.
Begin MonoManager ReloadAssembly
Native extension for WindowsStandalone target not found
Refreshing native plugins compatible for Editor in 0.33 ms, found 1 plugins.
Preloading 0 native plugins for Editor in 0.00 ms.
Invoked RoslynAnalysisRunner static constructor.
RoslynAnalysisRunner will not be running.
RoslynAnalysisRunner has terminated.
Mono: successfully reloaded assembly
- Completed reload, in  0.829 seconds
Platform modules already initialized, skipping
Refreshing native plugins compatible for Editor in 0.32 ms, found 1 plugins.
Preloading 0 native plugins for Editor in 0.00 ms.
Unloading 1788 Unused Serialized files (Serialized files now loaded: 0)
System memory in use before: 87.4 MB.
System memory in use after: 87.4 MB.

Unloading 12 unused Assets to reduce memory usage. Loaded Objects now: 2272.
Total: 3.422800 ms (FindLiveObjects: 0.298600 ms CreateObjectMapping: 0.104900 ms MarkObjects: 2.839800 ms  DeleteObjects: 0.177900 ms)

========================================================================
Received Import Request.
  Time since last request: 805.546586 seconds.
  path: Assets/Animator/Grant_Jump.anim
  artifactKey: Guid(b7c4a330c740a164e83332d01ac86b24) Importer(815301076,1909f56bfc062723c751e8b465ee728b)
Start importing Assets/Animator/Grant_Jump.anim using Guid(b7c4a330c740a164e83332d01ac86b24) Importer(815301076,1909f56bfc062723c751e8b465ee728b)  -> (artifact id: '21b73ef2397b85ec5266980011e248c8') in 0.017544 seconds
  Import took 0.020812 seconds .

========================================================================
Received Import Request.
  Time since last request: 0.096698 seconds.
  path: Assets/Animator/Grant_Jump.anim
  artifactKey: Guid(b7c4a330c740a164e83332d01ac86b24) Importer(815301076,1909f56bfc062723c751e8b465ee728b)
Start importing Assets/Animator/Grant_Jump.anim using Guid(b7c4a330c740a164e83332d01ac86b24) Importer(815301076,1909f56bfc062723c751e8b465ee728b)  -> (artifact id: '21b73ef2397b85ec5266980011e248c8') in 0.002699 seconds
  Import took 0.008168 seconds .

========================================================================
Received Import Request.
  Time since last request: 11.468768 seconds.
  path: Assets/Animator/Grant_Animation_Controller.controller
  artifactKey: Guid(a1c3fea163ddf3a47bbf068b52caa46e) Importer(815301076,1909f56bfc062723c751e8b465ee728b)
Start importing Assets/Animator/Grant_Animation_Controller.controller using Guid(a1c3fea163ddf3a47bbf068b52caa46e) Importer(815301076,1909f56bfc062723c751e8b465ee728b)  -> (artifact id: '24ff49590a1ea40f90daa18666ef97ef') in 0.015024 seconds
  Import took 0.020939 seconds .

========================================================================
Received Import Request.
  Time since last request: 0.000809 seconds.
  path: Assets/Animator/Grant_Animation_Controller.controller
  artifactKey: Guid(a1c3fea163ddf3a47bbf068b52caa46e) Importer(815301076,1909f56bfc062723c751e8b465ee728b)
Start importing Assets/Animator/Grant_Animation_Controller.controller using Guid(a1c3fea163ddf3a47bbf068b52caa46e) Importer(815301076,1909f56bfc062723c751e8b465ee728b)  -> (artifact id: '24ff49590a1ea40f90daa18666ef97ef') in 0.003975 seconds
  Import took 0.009675 seconds .

========================================================================
Received Prepare
Registering precompiled user dll's ...
Registered in 0.001126 seconds.
Begin MonoManager ReloadAssembly
Native extension for WindowsStandalone target not found
Refreshing native plugins compatible for Editor in 0.33 ms, found 1 plugins.
Preloading 0 native plugins for Editor in 0.00 ms.
Invoked RoslynAnalysisRunner static constructor.
RoslynAnalysisRunner will not be running.
RoslynAnalysisRunner has terminated.
Mono: successfully reloaded assembly
- Completed reload, in  0.868 seconds
Platform modules already initialized, skipping
Refreshing native plugins compatible for Editor in 0.37 ms, found 1 plugins.
Preloading 0 native plugins for Editor in 0.00 ms.
Unloading 1788 Unused Serialized files (Serialized files now loaded: 0)
System memory in use before: 87.4 MB.
System memory in use after: 87.4 MB.

Unloading 12 unused Assets to reduce memory usage. Loaded Objects now: 2275.
Total: 2.981700 ms (FindLiveObjects: 0.279900 ms CreateObjectMapping: 0.095300 ms MarkObjects: 2.439400 ms  DeleteObjects: 0.165600 ms)

========================================================================
Received Import Request.
  Time since last request: 94.974559 seconds.
  path: Assets/Animator/Grant_Wai.anim
  artifactKey: Guid(1bb83137e8c1431469403b698b656fb0) Importer(815301076,1909f56bfc062723c751e8b465ee728b)
Start importing Assets/Animator/Grant_Wai.anim using Guid(1bb83137e8c1431469403b698b656fb0) Importer(815301076,1909f56bfc062723c751e8b465ee728b)  -> (artifact id: 'eea8eff3be45a86b8b068b7337c7c101') in 0.016050 seconds
  Import took 0.019407 seconds .

========================================================================
Received Prepare
Registering precompiled user dll's ...
Registered in 0.002602 seconds.
Begin MonoManager ReloadAssembly
Native extension for WindowsStandalone target not found
Refreshing native plugins compatible for Editor in 0.37 ms, found 1 plugins.
Preloading 0 native plugins for Editor in 0.00 ms.
Invoked RoslynAnalysisRunner static constructor.
RoslynAnalysisRunner will not be running.
RoslynAnalysisRunner has terminated.
Mono: successfully reloaded assembly
- Completed reload, in  0.848 seconds
Platform modules already initialized, skipping
Refreshing native plugins compatible for Editor in 0.33 ms, found 1 plugins.
Preloading 0 native plugins for Editor in 0.00 ms.
Unloading 1788 Unused Serialized files (Serialized files now loaded: 0)
System memory in use before: 87.5 MB.
System memory in use after: 87.4 MB.

Unloading 12 unused Assets to reduce memory usage. Loaded Objects now: 2278.
Total: 2.553700 ms (FindLiveObjects: 0.237600 ms CreateObjectMapping: 0.093500 ms MarkObjects: 2.091700 ms  DeleteObjects: 0.129600 ms)

========================================================================
Received Import Request.
  Time since last request: 172.527215 seconds.
  path: Assets/Animator/Grant_Run.anim
  artifactKey: Guid(8b8d697bb930117438e8701828667203) Importer(815301076,1909f56bfc062723c751e8b465ee728b)
Start importing Assets/Animator/Grant_Run.anim using Guid(8b8d697bb930117438e8701828667203) Importer(815301076,1909f56bfc062723c751e8b465ee728b)  -> (artifact id: '60e90c3ad0b843973edfdcde1c60586a') in 0.031753 seconds
  Import took 0.041251 seconds .

========================================================================
Received Import Request.
  Time since last request: 0.003092 seconds.
  path: Assets/Animator/Grant_Run.anim
  artifactKey: Guid(8b8d697bb930117438e8701828667203) Importer(815301076,1909f56bfc062723c751e8b465ee728b)
Start importing Assets/Animator/Grant_Run.anim using Guid(8b8d697bb930117438e8701828667203) Importer(815301076,1909f56bfc062723c751e8b465ee728b)  -> (artifact id: '60e90c3ad0b843973edfdcde1c60586a') in 0.005714 seconds
  Import took 0.012807 seconds .

========================================================================
Received Prepare
Registering precompiled user dll's ...
Registered in 0.000869 seconds.
Begin MonoManager ReloadAssembly
Native extension for WindowsStandalone target not found
Refreshing native plugins compatible for Editor in 0.32 ms, found 1 plugins.
Preloading 0 native plugins for Editor in 0.00 ms.
Invoked RoslynAnalysisRunner static constructor.
RoslynAnalysisRunner will not be running.
RoslynAnalysisRunner has terminated.
Mono: successfully reloaded assembly
- Completed reload, in  0.825 seconds
Platform modules already initialized, skipping
Refreshing native plugins compatible for Editor in 0.33 ms, found 1 plugins.
Preloading 0 native plugins for Editor in 0.00 ms.
Unloading 1788 Unused Serialized files (Serialized files now loaded: 0)
System memory in use before: 87.5 MB.
System memory in use after: 87.5 MB.

Unloading 12 unused Assets to reduce memory usage. Loaded Objects now: 2281.
Total: 5.501800 ms (FindLiveObjects: 0.469700 ms CreateObjectMapping: 0.206100 ms MarkObjects: 4.536200 ms  DeleteObjects: 0.286700 ms)

AssetImportWorkerClient::OnTransportError - code=2 error=End of file
